<?xml version="1.0" encoding="UTF-8"?>
<!-- Generated by org.testng.reporters.JUnitXMLReporter -->
<testsuite ignored="5" hostname="DESKTOP-1N0VLJU" failures="0" tests="3" name="Default test" time="9.492" errors="0" timestamp="2024-11-10T07:55:49 EET">
  <testcase classname="MyTestCases" name="radioButtons" time="0.115"/>
  <testcase classname="MyTestCases" name="dynamicDropDown" time="1.145"/>
  <testcase classname="MyTestCases" name="selectTag" time="0.152"/>
  <testcase classname="MyTestCases" name="mouseHover" time="0.0">
    <ignored/>
  </testcase> <!-- mouseHover -->
  <testcase classname="MyTestCases" name="tableData" time="0.0">
    <ignored/>
  </testcase> <!-- tableData -->
  <testcase classname="MyTestCases" name="iframe" time="0.0">
    <ignored/>
  </testcase> <!-- iframe -->
  <testcase classname="MyTestCases" name="hidebutton" time="0.0">
    <ignored/>
  </testcase> <!-- hidebutton -->
  <testcase classname="MyTestCases" name="switchToAlert" time="0.0">
    <ignored/>
  </testcase> <!-- switchToAlert -->
</testsuite> <!-- Default test -->
