<?xml version="1.0" encoding="UTF-8"?>
<!-- Generated by org.testng.reporters.JUnitXMLReporter -->
<testsuite ignored="12" hostname="DESKTOP-1N0VLJU" failures="0" tests="1" name="Default test" time="28.228" errors="0" timestamp="2024-11-17T17:29:07 EET">
  <testcase classname="MyTestCases" name="iFrame" time="12.145"/>
  <testcase classname="MyTestCases" name="mouseHover" time="0.0">
    <ignored/>
  </testcase> <!-- mouseHover -->
  <testcase classname="MyTestCases" name="switchTabs" time="0.0">
    <ignored/>
  </testcase> <!-- switchTabs -->
  <testcase classname="MyTestCases" name="tableData" time="0.0">
    <ignored/>
  </testcase> <!-- tableData -->
  <testcase classname="MyTestCases" name="checkBox" time="0.0">
    <ignored/>
  </testcase> <!-- checkBox -->
  <testcase classname="MyTestCases" name="radioButtons" time="0.0">
    <ignored/>
  </testcase> <!-- radioButtons -->
  <testcase classname="MyTestCases" name="calender" time="0.0">
    <ignored/>
  </testcase> <!-- calender -->
  <testcase classname="MyTestCases" name="enabled_Displayed" time="0.0">
    <ignored/>
  </testcase> <!-- enabled_Displayed -->
  <testcase classname="MyTestCases" name="elementDisplayed" time="0.0">
    <ignored/>
  </testcase> <!-- elementDisplayed -->
  <testcase classname="MyTestCases" name="selectTag" time="0.0">
    <ignored/>
  </testcase> <!-- selectTag -->
  <testcase classname="MyTestCases" name="dynamicDropDown" time="0.0">
    <ignored/>
  </testcase> <!-- dynamicDropDown -->
  <testcase classname="MyTestCases" name="switchWindows" time="0.0">
    <ignored/>
  </testcase> <!-- switchWindows -->
  <testcase classname="MyTestCases" name="switchToAlert" time="0.0">
    <ignored/>
  </testcase> <!-- switchToAlert -->
</testsuite> <!-- Default test -->
